app/proguard-rules.pro
# Keep ML Kit and Pose Detection models intact
-keep class com.google.mlkit.** { *; }
-keep class com.google.android.gms.internal.mlkit_** { *; }
-dontwarn com.google.mlkit.**

# Keep WorkManager Database and Room implementation classes
-keep class androidx.work.impl.WorkDatabase_Impl { *; }
-keep class androidx.work.impl.WorkDatabase { *; }
-keep class * extends androidx.room.RoomDatabase { *; }
-dontwarn androidx.room.**
-dontwarn androidx.work.**

# Jetpack CameraX Keep Rules
-keep class androidx.camera.core.** { *; }
-dontwarn androidx.camera.core.**

# Kotlin Serialization Keep Rules
-keepattributes *Annotation*,Signature,InnerClasses,EnclosingMethod
-keepclassmembers class * {
    @kotlinx.serialization.Serializable *;
}
-keep class kotlinx.serialization.json.** { *; }