app/build/outputs/mapping/release/seeds.txt
com.example.hitlarm.data.AlarmReceiver
com.example.hitlarm.AlarmActivity
com.example.hitlarm.data.AlarmService
com.example.hitlarm.MainActivity
com.example.hitlarm.data.RecordStatus: com.example.hitlarm.data.RecordStatus$Companion Companion
com.example.hitlarm.data.StreakState: com.example.hitlarm.data.StreakState$Companion Companion
com.example.hitlarm.data.StopPreference: com.example.hitlarm.data.StopPreference$Companion Companion
com.example.hitlarm.data.WakeUpRecord: com.example.hitlarm.data.WakeUpRecord$Companion Companion
com.example.hitlarm.data.WakeUpRecord$$serializer: kotlinx.serialization.descriptors.SerialDescriptor descriptor
com.example.hitlarm.data.Alarm$$serializer: kotlinx.serialization.descriptors.SerialDescriptor descriptor
com.example.hitlarm.data.Alarm: com.example.hitlarm.data.Alarm$Companion Companion
com.example.hitlarm.Main: com.example.hitlarm.Main INSTANCE
com.example.hitlarm.data.StreakState$$serializer: kotlinx.serialization.descriptors.SerialDescriptor descriptor
com.example.hitlarm.data.RecordStatus$Companion: kotlinx.serialization.KSerializer serializer()
com.example.hitlarm.data.RecordStatus: com.example.hitlarm.data.RecordStatus valueOf(java.lang.String)
com.example.hitlarm.pose.PostureDetector$ExerciseState: com.example.hitlarm.pose.PostureDetector$ExerciseState valueOf(java.lang.String)
com.example.hitlarm.data.RecordStatus: com.example.hitlarm.data.RecordStatus[] values()
com.example.hitlarm.data.AlarmService: AlarmService()
com.example.hitlarm.MainActivity: MainActivity()
com.example.hitlarm.data.StreakState$Companion: kotlinx.serialization.KSerializer serializer()
com.example.hitlarm.data.AlarmReceiver: AlarmReceiver()
com.example.hitlarm.data.Alarm$Companion: kotlinx.serialization.KSerializer serializer()
com.example.hitlarm.data.StopPreference$Companion: kotlinx.serialization.KSerializer serializer()
com.example.hitlarm.data.StopPreference: com.example.hitlarm.data.StopPreference[] values()
com.example.hitlarm.AlarmActivity: AlarmActivity()
com.example.hitlarm.data.StopPreference: com.example.hitlarm.data.StopPreference valueOf(java.lang.String)
com.example.hitlarm.Main: kotlinx.serialization.KSerializer serializer()
com.example.hitlarm.data.WakeUpRecord$Companion: kotlinx.serialization.KSerializer serializer()
com.example.hitlarm.pose.PostureDetector$ExerciseState: com.example.hitlarm.pose.PostureDetector$ExerciseState[] values()
...
com.google.android.gms.internal.mlkit_vision_barcode.zzxd: long zzh
kotlinx.serialization.json.JsonContentPolymorphicSerializer: kotlinx.serialization.descriptors.SerialDescriptor descriptor
com.google.android.gms.internal.mlkit_vision_pose_common.zzvx: boolean zzb
kotlinx.coroutines.DefaultExecutor: java.lang.Thread _thread
androidx.work.impl.WorkDatabase_Impl: androidx.work.impl.model.WorkNameDao _workNameDao
com.google.android.gms.internal.mlkit_vision_barcode.zzkb: com.google.android.gms.internal.mlkit_vision_barcode.zzkb zza
com.google.android.gms.internal.mlkit_vision_pose_common.zzab: java.util.Collection zzd
com.google.mlkit.common.sdkinternal.model.LegacyModelMigrator: com.google.mlkit.common.sdkinternal.model.ModelFileHelper modelFileHelper
com.google.android.gms.internal.mlkit_vision_barcode.zzkv: com.google.firebase.encoders.FieldDescriptor zzav
com.google.android.gms.internal.mlkit_vision_common.zzio: com.google.android.gms.internal.mlkit_vision_common.zzio zzd
androidx.camera.core.CameraSelector: int LENS_FACING_UNKNOWN
com.google.android.gms.internal.mlkit_vision_common.zzms: com.google.android.gms.internal.mlkit_vision_common.zzmr zza
com.google.android.gms.internal.mlkit_vision_common.zziv: com.google.android.gms.internal.mlkit_vision_common.zziv zzcq
com.google.android.gms.internal.mlkit_acceleration.zzd: int zzd
com.google.android.gms.internal.mlkit_vision_barcode_bundled.zzr: com.google.android.gms.internal.mlkit_vision_barcode_bundled.zzr zzaa
com.google.android.gms.internal.mlkit_vision_barcode.zzla: com.google.android.gms.internal.mlkit_vision_barcode.zzla zza
com.google.android.gms.internal.mlkit_acceleration.zzfg: com.google.android.gms.internal.mlkit_acceleration.zzff zza
com.google.android.gms.internal.mlkit_vision_barcode_bundled.zzba: android.os.Parcelable$Creator CREATOR
com.google.android.gms.internal.mlkit_vision_pose_common.zzxe: com.google.android.gms.internal.mlkit_vision_pose_common.zzvr zzd
androidx.camera.core.impl.CameraInternal$State: androidx.camera.core.impl.CameraInternal$State RELEASED
com.google.android.gms.internal.mlkit_common.zzjj: com.google.android.gms.internal.mlkit_common.zzjj zza
androidx.camera.core.SurfaceRequest$5: java.lang.Runnable val$runnable
com.google.android.gms.internal.mlkit_acceleration.zzdo: com.google.android.gms.internal.mlkit_acceleration.zzdo zzU
androidx.camera.core.impl.CameraRepository: java.util.Map mCameras
com.google.android.gms.internal.mlkit_vision_common.zziv: com.google.android.gms.internal.mlkit_vision_common.zziv zzaI
androidx.camera.core.impl.utils.ExifAttribute: java.lang.String[] IFD_FORMAT_NAMES
com.google.android.gms.internal.mlkit_vision_barcode_bundled.zzr: com.google.android.gms.internal.mlkit_vision_barcode_bundled.zzr zzjB
com.google.android.gms.internal.mlkit_vision_common.zzfs: com.google.android.gms.internal.mlkit_vision_common.zzfs zza
com.google.android.gms.internal.mlkit_vision_common.zzgp: com.google.firebase.encoders.FieldDescriptor zzi
com.google.android.gms.internal.mlkit_vision_barcode_bundled.zzr: com.google.android.gms.internal.mlkit_vision_barcode_bundled.zzr zzmf
com.google.android.gms.internal.mlkit_vision_mediapipe.zzht: com.google.android.gms.internal.mlkit_vision_mediapipe.zzht zzh
com.google.android.gms.internal.mlkit_acceleration.zzgi: com.google.android.gms.internal.mlkit_acceleration.zzei zza
com.google.android.gms.internal.mlkit_vision_barcode_bundled.zzr: com.google.android.gms.internal.mlkit_vision_barcode_bundled.zzr zzmW
com.google.android.gms.internal.mlkit_vision_pose_common.zzpp: com.google.android.gms.internal.mlkit_vision_pose_common.zzpp zzJ
com.google.android.gms.internal.mlkit_vision_pose_common.zzdm: com.google.android.gms.internal.mlkit_vision_pose_common.zzdo zzd
androidx.camera.core.CameraInfo: float INTRINSIC_ZOOM_RATIO_UNKNOWN
com.google.android.gms.internal.mlkit_vision_barcode_bundled.zzr: com.google.android.gms.internal.mlkit_vision_barcode_bundled.zzr zzfp